[INFO] Scanning for projects...
[INFO] Artifact io.netty:netty-bom:pom:4.1.96.Final is present in the local repository, but cached from a remote repository ID that is unavailable in current build context, verifying that is downloadable from [aliyun (https://maven.aliyun.com/repository/public, default, releases+snapshots), Central (https://repo1.maven.org/maven2/, default, releases+snapshots), spring (https://maven.aliyun.com/repository/spring, default, releases+snapshots), spring-plugin (https://maven.aliyun.com/repository/spring-plugin, default, releases+snapshots), grails (https://maven.aliyun.com/repository/grails-core, default, releases+snapshots), central (https://repo.maven.apache.org/maven2, default, releases)]
Downloading from aliyun: https://maven.aliyun.com/repository/public/io/netty/netty-bom/4.1.96.Final/netty-bom-4.1.96.Final.pom
Downloaded from aliyun: https://maven.aliyun.com/repository/public/io/netty/netty-bom/4.1.96.Final/netty-bom-4.1.96.Final.pom (0 B at 0 B/s)
[INFO] ------------------------------------------------------------------------
[INFO] Reactor Build Order:
[INFO] 
[INFO] learn-demo                                                         [pom]
[INFO] base-util-demo                                                     [jar]
[INFO] jarkata-new-demo                                                   [jar]
[INFO] netty-demo                                                         [jar]
[INFO] springboot-demo                                                    [jar]
[INFO] dubbo-demo                                                         [jar]
[INFO] mybatis-demo                                                       [jar]
[INFO] 
[INFO] --------------< com.walklown.attempt.learn:learn-parent >---------------
[INFO] Building learn-demo 1.0.0-SNAPSHOT                                 [1/7]
[INFO]   from pom.xml
[INFO] --------------------------------[ pom ]---------------------------------
[INFO] 
[INFO] --- dependency:3.6.0:tree (default-cli) @ learn-parent ---
[INFO] com.walklown.attempt.learn:learn-parent:pom:1.0.0-SNAPSHOT
[INFO] +- org.projectlombok:lombok:jar:1.18.28:provided
[INFO] +- org.apache.commons:commons-lang3:jar:3.12.0:compile
[INFO] +- org.apache.commons:commons-collections4:jar:4.4:compile
[INFO] +- jakarta.validation:jakarta.validation-api:jar:3.0.2:compile
[INFO] +- org.hibernate.validator:hibernate-validator:jar:8.0.1.Final:compile
[INFO] |  +- org.jboss.logging:jboss-logging:jar:3.5.0.Final:compile
[INFO] |  \- com.fasterxml:classmate:jar:1.5.1:compile
[INFO] +- org.slf4j:log4j-over-slf4j:jar:1.7.25:compile
[INFO] |  \- org.slf4j:slf4j-api:jar:2.0.7:compile
[INFO] +- org.slf4j:jcl-over-slf4j:jar:1.7.25:compile
[INFO] +- ch.qos.logback:logback-classic:jar:1.4.7:compile
[INFO] \- ch.qos.logback:logback-core:jar:1.4.7:compile
[INFO] 
[INFO] -------------< com.walklown.attempt.learn:base-util-demo >--------------
[INFO] Building base-util-demo 1.0.0-SNAPSHOT                             [2/7]
[INFO]   from base-util-demo/pom.xml
[INFO] --------------------------------[ jar ]---------------------------------
[INFO] Artifact org.redisson:redisson:pom:3.19.0 is present in the local repository, but cached from a remote repository ID that is unavailable in current build context, verifying that is downloadable from [aliyun (https://maven.aliyun.com/repository/public, default, releases+snapshots), Central (https://repo1.maven.org/maven2/, default, releases+snapshots), spring (https://maven.aliyun.com/repository/spring, default, releases+snapshots), spring-plugin (https://maven.aliyun.com/repository/spring-plugin, default, releases+snapshots), grails (https://maven.aliyun.com/repository/grails-core, default, releases+snapshots), central (https://repo.maven.apache.org/maven2, default, releases)]
Downloading from aliyun: https://maven.aliyun.com/repository/public/org/redisson/redisson/3.19.0/redisson-3.19.0.pom
Downloaded from aliyun: https://maven.aliyun.com/repository/public/org/redisson/redisson/3.19.0/redisson-3.19.0.pom (0 B at 0 B/s)
[INFO] Artifact org.redisson:redisson-parent:pom:3.19.0 is present in the local repository, but cached from a remote repository ID that is unavailable in current build context, verifying that is downloadable from [aliyun (https://maven.aliyun.com/repository/public, default, releases+snapshots), Central (https://repo1.maven.org/maven2/, default, releases+snapshots), spring (https://maven.aliyun.com/repository/spring, default, releases+snapshots), spring-plugin (https://maven.aliyun.com/repository/spring-plugin, default, releases+snapshots), grails (https://maven.aliyun.com/repository/grails-core, default, releases+snapshots), central (https://repo.maven.apache.org/maven2, default, releases)]
Downloading from aliyun: https://maven.aliyun.com/repository/public/org/redisson/redisson-parent/3.19.0/redisson-parent-3.19.0.pom
Downloaded from aliyun: https://maven.aliyun.com/repository/public/org/redisson/redisson-parent/3.19.0/redisson-parent-3.19.0.pom (0 B at 0 B/s)
[INFO] Artifact io.reactivex.rxjava3:rxjava:pom:3.1.6 is present in the local repository, but cached from a remote repository ID that is unavailable in current build context, verifying that is downloadable from [aliyun (https://maven.aliyun.com/repository/public, default, releases+snapshots), Central (https://repo1.maven.org/maven2/, default, releases+snapshots), spring (https://maven.aliyun.com/repository/spring, default, releases+snapshots), spring-plugin (https://maven.aliyun.com/repository/spring-plugin, default, releases+snapshots), grails (https://maven.aliyun.com/repository/grails-core, default, releases+snapshots), central (https://repo.maven.apache.org/maven2, default, releases)]
Downloading from aliyun: https://maven.aliyun.com/repository/public/io/reactivex/rxjava3/rxjava/3.1.6/rxjava-3.1.6.pom
Downloaded from aliyun: https://maven.aliyun.com/repository/public/io/reactivex/rxjava3/rxjava/3.1.6/rxjava-3.1.6.pom (0 B at 0 B/s)
[INFO] Artifact org.jboss.marshalling:jboss-marshalling:pom:2.0.11.Final is present in the local repository, but cached from a remote repository ID that is unavailable in current build context, verifying that is downloadable from [aliyun (https://maven.aliyun.com/repository/public, default, releases+snapshots), Central (https://repo1.maven.org/maven2/, default, releases+snapshots), spring (https://maven.aliyun.com/repository/spring, default, releases+snapshots), spring-plugin (https://maven.aliyun.com/repository/spring-plugin, default, releases+snapshots), grails (https://maven.aliyun.com/repository/grails-core, default, releases+snapshots), central (https://repo.maven.apache.org/maven2, default, releases)]
Downloading from aliyun: https://maven.aliyun.com/repository/public/org/jboss/marshalling/jboss-marshalling/2.0.11.Final/jboss-marshalling-2.0.11.Final.pom
Downloaded from aliyun: https://maven.aliyun.com/repository/public/org/jboss/marshalling/jboss-marshalling/2.0.11.Final/jboss-marshalling-2.0.11.Final.pom (0 B at 0 B/s)
[INFO] Artifact org.jboss.marshalling:jboss-marshalling-parent:pom:2.0.11.Final is present in the local repository, but cached from a remote repository ID that is unavailable in current build context, verifying that is downloadable from [aliyun (https://maven.aliyun.com/repository/public, default, releases+snapshots), Central (https://repo1.maven.org/maven2/, default, releases+snapshots), spring (https://maven.aliyun.com/repository/spring, default, releases+snapshots), spring-plugin (https://maven.aliyun.com/repository/spring-plugin, default, releases+snapshots), grails (https://maven.aliyun.com/repository/grails-core, default, releases+snapshots), central (https://repo.maven.apache.org/maven2, default, releases)]
Downloading from aliyun: https://maven.aliyun.com/repository/public/org/jboss/marshalling/jboss-marshalling-parent/2.0.11.Final/jboss-marshalling-parent-2.0.11.Final.pom
Downloaded from aliyun: https://maven.aliyun.com/repository/public/org/jboss/marshalling/jboss-marshalling-parent/2.0.11.Final/jboss-marshalling-parent-2.0.11.Final.pom (0 B at 0 B/s)
[INFO] Artifact org.jboss:jboss-parent:pom:34 is present in the local repository, but cached from a remote repository ID that is unavailable in current build context, verifying that is downloadable from [aliyun (https://maven.aliyun.com/repository/public, default, releases+snapshots), Central (https://repo1.maven.org/maven2/, default, releases+snapshots), spring (https://maven.aliyun.com/repository/spring, default, releases+snapshots), spring-plugin (https://maven.aliyun.com/repository/spring-plugin, default, releases+snapshots), grails (https://maven.aliyun.com/repository/grails-core, default, releases+snapshots), central (https://repo.maven.apache.org/maven2, default, releases)]
Downloading from aliyun: https://maven.aliyun.com/repository/public/org/jboss/jboss-parent/34/jboss-parent-34.pom
Downloaded from aliyun: https://maven.aliyun.com/repository/public/org/jboss/jboss-parent/34/jboss-parent-34.pom (0 B at 0 B/s)
[INFO] Artifact org.jboss.marshalling:jboss-marshalling-river:pom:2.0.11.Final is present in the local repository, but cached from a remote repository ID that is unavailable in current build context, verifying that is downloadable from [aliyun (https://maven.aliyun.com/repository/public, default, releases+snapshots), Central (https://repo1.maven.org/maven2/, default, releases+snapshots), spring (https://maven.aliyun.com/repository/spring, default, releases+snapshots), spring-plugin (https://maven.aliyun.com/repository/spring-plugin, default, releases+snapshots), grails (https://maven.aliyun.com/repository/grails-core, default, releases+snapshots), central (https://repo.maven.apache.org/maven2, default, releases)]
Downloading from aliyun: https://maven.aliyun.com/repository/public/org/jboss/marshalling/jboss-marshalling-river/2.0.11.Final/jboss-marshalling-river-2.0.11.Final.pom
Downloaded from aliyun: https://maven.aliyun.com/repository/public/org/jboss/marshalling/jboss-marshalling-river/2.0.11.Final/jboss-marshalling-river-2.0.11.Final.pom (0 B at 0 B/s)
[INFO] Artifact com.esotericsoftware:kryo:pom:5.3.0 is present in the local repository, but cached from a remote repository ID that is unavailable in current build context, verifying that is downloadable from [aliyun (https://maven.aliyun.com/repository/public, default, releases+snapshots), Central (https://repo1.maven.org/maven2/, default, releases+snapshots), spring (https://maven.aliyun.com/repository/spring, default, releases+snapshots), spring-plugin (https://maven.aliyun.com/repository/spring-plugin, default, releases+snapshots), grails (https://maven.aliyun.com/repository/grails-core, default, releases+snapshots), central (https://repo.maven.apache.org/maven2, default, releases)]
Downloading from aliyun: https://maven.aliyun.com/repository/public/com/esotericsoftware/kryo/5.3.0/kryo-5.3.0.pom
Downloaded from aliyun: https://maven.aliyun.com/repository/public/com/esotericsoftware/kryo/5.3.0/kryo-5.3.0.pom (0 B at 0 B/s)
[INFO] Artifact com.esotericsoftware:kryo-parent:pom:5.3.0 is present in the local repository, but cached from a remote repository ID that is unavailable in current build context, verifying that is downloadable from [aliyun (https://maven.aliyun.com/repository/public, default, releases+snapshots), Central (https://repo1.maven.org/maven2/, default, releases+snapshots), spring (https://maven.aliyun.com/repository/spring, default, releases+snapshots), spring-plugin (https://maven.aliyun.com/repository/spring-plugin, default, releases+snapshots), grails (https://maven.aliyun.com/repository/grails-core, default, releases+snapshots), central (https://repo.maven.apache.org/maven2, default, releases)]
Downloading from aliyun: https://maven.aliyun.com/repository/public/com/esotericsoftware/kryo-parent/5.3.0/kryo-parent-5.3.0.pom
Downloaded from aliyun: https://maven.aliyun.com/repository/public/com/esotericsoftware/kryo-parent/5.3.0/kryo-parent-5.3.0.pom (0 B at 0 B/s)
[INFO] Artifact com.esotericsoftware:reflectasm:pom:1.11.9 is present in the local repository, but cached from a remote repository ID that is unavailable in current build context, verifying that is downloadable from [aliyun (https://maven.aliyun.com/repository/public, default, releases+snapshots), Central (https://repo1.maven.org/maven2/, default, releases+snapshots), spring (https://maven.aliyun.com/repository/spring, default, releases+snapshots), spring-plugin (https://maven.aliyun.com/repository/spring-plugin, default, releases+snapshots), grails (https://maven.aliyun.com/repository/grails-core, default, releases+snapshots), central (https://repo.maven.apache.org/maven2, default, releases), sonatype-releases (https://oss.sonatype.org/content/repositories/releases, default, releases+snapshots), sonatype-snapshots (https://oss.sonatype.org/content/repositories/snapshots, default, snapshots)]
Downloading from aliyun: https://maven.aliyun.com/repository/public/com/esotericsoftware/reflectasm/1.11.9/reflectasm-1.11.9.pom
Downloaded from aliyun: https://maven.aliyun.com/repository/public/com/esotericsoftware/reflectasm/1.11.9/reflectasm-1.11.9.pom (0 B at 0 B/s)
[INFO] Artifact com.esotericsoftware:minlog:pom:1.3.1 is present in the local repository, but cached from a remote repository ID that is unavailable in current build context, verifying that is downloadable from [aliyun (https://maven.aliyun.com/repository/public, default, releases+snapshots), Central (https://repo1.maven.org/maven2/, default, releases+snapshots), spring (https://maven.aliyun.com/repository/spring, default, releases+snapshots), spring-plugin (https://maven.aliyun.com/repository/spring-plugin, default, releases+snapshots), grails (https://maven.aliyun.com/repository/grails-core, default, releases+snapshots), central (https://repo.maven.apache.org/maven2, default, releases), sonatype-releases (https://oss.sonatype.org/content/repositories/releases, default, releases+snapshots), sonatype-snapshots (https://oss.sonatype.org/content/repositories/snapshots, default, snapshots)]
Downloading from aliyun: https://maven.aliyun.com/repository/public/com/esotericsoftware/minlog/1.3.1/minlog-1.3.1.pom
Downloaded from aliyun: https://maven.aliyun.com/repository/public/com/esotericsoftware/minlog/1.3.1/minlog-1.3.1.pom (0 B at 0 B/s)
[INFO] Artifact org.jodd:jodd-bean:pom:5.1.6 is present in the local repository, but cached from a remote repository ID that is unavailable in current build context, verifying that is downloadable from [aliyun (https://maven.aliyun.com/repository/public, default, releases+snapshots), Central (https://repo1.maven.org/maven2/, default, releases+snapshots), spring (https://maven.aliyun.com/repository/spring, default, releases+snapshots), spring-plugin (https://maven.aliyun.com/repository/spring-plugin, default, releases+snapshots), grails (https://maven.aliyun.com/repository/grails-core, default, releases+snapshots), central (https://repo.maven.apache.org/maven2, default, releases)]
Downloading from aliyun: https://maven.aliyun.com/repository/public/org/jodd/jodd-bean/5.1.6/jodd-bean-5.1.6.pom
Downloaded from aliyun: https://maven.aliyun.com/repository/public/org/jodd/jodd-bean/5.1.6/jodd-bean-5.1.6.pom (0 B at 0 B/s)
[INFO] Artifact org.jodd:jodd-core:pom:5.1.6 is present in the local repository, but cached from a remote repository ID that is unavailable in current build context, verifying that is downloadable from [aliyun (https://maven.aliyun.com/repository/public, default, releases+snapshots), Central (https://repo1.maven.org/maven2/, default, releases+snapshots), spring (https://maven.aliyun.com/repository/spring, default, releases+snapshots), spring-plugin (https://maven.aliyun.com/repository/spring-plugin, default, releases+snapshots), grails (https://maven.aliyun.com/repository/grails-core, default, releases+snapshots), central (https://repo.maven.apache.org/maven2, default, releases)]
Downloading from aliyun: https://maven.aliyun.com/repository/public/org/jodd/jodd-core/5.1.6/jodd-core-5.1.6.pom
Downloaded from aliyun: https://maven.aliyun.com/repository/public/org/jodd/jodd-core/5.1.6/jodd-core-5.1.6.pom (0 B at 0 B/s)
[INFO] Artifact io.netty:netty-all:pom:4.1.96.Final is present in the local repository, but cached from a remote repository ID that is unavailable in current build context, verifying that is downloadable from [aliyun (https://maven.aliyun.com/repository/public, default, releases+snapshots), Central (https://repo1.maven.org/maven2/, default, releases+snapshots), spring (https://maven.aliyun.com/repository/spring, default, releases+snapshots), spring-plugin (https://maven.aliyun.com/repository/spring-plugin, default, releases+snapshots), grails (https://maven.aliyun.com/repository/grails-core, default, releases+snapshots), central (https://repo.maven.apache.org/maven2, default, releases)]
Downloading from aliyun: https://maven.aliyun.com/repository/public/io/netty/netty-all/4.1.96.Final/netty-all-4.1.96.Final.pom
Downloaded from aliyun: https://maven.aliyun.com/repository/public/io/netty/netty-all/4.1.96.Final/netty-all-4.1.96.Final.pom (0 B at 0 B/s)
[INFO] 
[INFO] --- dependency:3.6.0:tree (default-cli) @ base-util-demo ---
[INFO] com.walklown.attempt.learn:base-util-demo:jar:1.0.0-SNAPSHOT
[INFO] +- org.mybatis:mybatis:jar:3.5.11:compile
[INFO] +- com.mysql:mysql-connector-j:jar:8.0.31:compile
[INFO] |  \- com.google.protobuf:protobuf-java:jar:3.19.4:compile
[INFO] +- org.slf4j:slf4j-api:jar:1.7.24:compile
[INFO] +- javax.servlet:javax.servlet-api:jar:3.1.0:compile
[INFO] +- org.springframework:spring-aspects:jar:6.0.9:compile
[INFO] |  \- org.aspectj:aspectjweaver:jar:1.9.19:compile
[INFO] +- org.springframework:spring-aop:jar:6.0.9:compile
[INFO] |  +- org.springframework:spring-beans:jar:6.0.9:compile
[INFO] |  \- org.springframework:spring-core:jar:6.0.9:compile
[INFO] |     \- org.springframework:spring-jcl:jar:6.0.9:compile
[INFO] +- org.apache.zookeeper:zookeeper:jar:3.6.2:compile
[INFO] |  +- commons-lang:commons-lang:jar:2.6:compile
[INFO] |  +- org.apache.zookeeper:zookeeper-jute:jar:3.6.2:compile
[INFO] |  +- org.apache.yetus:audience-annotations:jar:0.5.0:compile
[INFO] |  +- io.netty:netty-handler:jar:4.1.92.Final:compile
[INFO] |  +- io.netty:netty-transport-native-epoll:jar:4.1.92.Final:compile
[INFO] |  \- org.slf4j:slf4j-reload4j:jar:2.0.7:compile
[INFO] +- org.redisson:redisson:jar:3.19.0:compile
[INFO] |  +- javax.cache:cache-api:jar:1.1.1:compile
[INFO] |  +- io.projectreactor:reactor-core:jar:3.5.6:compile
[INFO] |  +- org.reactivestreams:reactive-streams:jar:1.0.4:compile
[INFO] |  +- org.jboss.marshalling:jboss-marshalling:jar:2.0.11.Final:compile
[INFO] |  +- org.jboss.marshalling:jboss-marshalling-river:jar:2.0.11.Final:compile
[INFO] |  +- com.esotericsoftware:kryo:jar:5.3.0:compile
[INFO] |  |  +- com.esotericsoftware:reflectasm:jar:1.11.9:compile
[INFO] |  |  +- org.objenesis:objenesis:jar:3.2:compile
[INFO] |  |  \- com.esotericsoftware:minlog:jar:1.3.1:compile
[INFO] |  +- com.fasterxml.jackson.core:jackson-annotations:jar:2.15.1:compile
[INFO] |  +- com.fasterxml.jackson.dataformat:jackson-dataformat-yaml:jar:2.15.1:compile
[INFO] |  +- com.fasterxml.jackson.core:jackson-core:jar:2.15.1:compile
[INFO] |  +- com.fasterxml.jackson.core:jackson-databind:jar:2.15.1:compile
[INFO] |  +- net.bytebuddy:byte-buddy:jar:1.14.4:compile
[INFO] |  +- org.yaml:snakeyaml:jar:1.33:compile
[INFO] |  \- org.jodd:jodd-bean:jar:5.1.6:compile
[INFO] |     \- org.jodd:jodd-core:jar:5.1.6:compile
[INFO] +- io.netty:netty-all:jar:4.1.96.Final:compile
[INFO] |  +- io.netty:netty-buffer:jar:4.1.92.Final:compile
[INFO] |  +- io.netty:netty-codec:jar:4.1.92.Final:compile
[INFO] |  +- io.netty:netty-codec-dns:jar:4.1.92.Final:compile
[INFO] |  +- io.netty:netty-codec-haproxy:jar:4.1.92.Final:compile
[INFO] |  +- io.netty:netty-codec-http:jar:4.1.92.Final:compile
[INFO] |  +- io.netty:netty-codec-http2:jar:4.1.92.Final:compile
[INFO] |  +- io.netty:netty-codec-memcache:jar:4.1.92.Final:compile
[INFO] |  +- io.netty:netty-codec-mqtt:jar:4.1.92.Final:compile
[INFO] |  +- io.netty:netty-codec-redis:jar:4.1.92.Final:compile
[INFO] |  +- io.netty:netty-codec-smtp:jar:4.1.92.Final:compile
[INFO] |  +- io.netty:netty-codec-socks:jar:4.1.92.Final:compile
[INFO] |  +- io.netty:netty-codec-stomp:jar:4.1.92.Final:compile
[INFO] |  +- io.netty:netty-codec-xml:jar:4.1.92.Final:compile
[INFO] |  +- io.netty:netty-common:jar:4.1.92.Final:compile
[INFO] |  +- io.netty:netty-transport-native-unix-common:jar:4.1.92.Final:compile
[INFO] |  +- io.netty:netty-handler-proxy:jar:4.1.92.Final:compile
[INFO] |  +- io.netty:netty-handler-ssl-ocsp:jar:4.1.92.Final:compile
[INFO] |  +- io.netty:netty-resolver:jar:4.1.92.Final:compile
[INFO] |  +- io.netty:netty-resolver-dns:jar:4.1.92.Final:compile
[INFO] |  +- io.netty:netty-transport:jar:4.1.92.Final:compile
[INFO] |  +- io.netty:netty-transport-rxtx:jar:4.1.92.Final:compile
[INFO] |  +- io.netty:netty-transport-sctp:jar:4.1.92.Final:compile
[INFO] |  +- io.netty:netty-transport-udt:jar:4.1.92.Final:compile
[INFO] |  +- io.netty:netty-transport-classes-epoll:jar:4.1.92.Final:compile
[INFO] |  +- io.netty:netty-transport-classes-kqueue:jar:4.1.92.Final:compile
[INFO] |  +- io.netty:netty-resolver-dns-classes-macos:jar:4.1.92.Final:compile
[INFO] |  +- io.netty:netty-transport-native-epoll:jar:linux-x86_64:4.1.92.Final:runtime
[INFO] |  +- io.netty:netty-transport-native-epoll:jar:linux-aarch_64:4.1.92.Final:runtime
[INFO] |  +- io.netty:netty-transport-native-kqueue:jar:osx-x86_64:4.1.92.Final:runtime
[INFO] |  +- io.netty:netty-transport-native-kqueue:jar:osx-aarch_64:4.1.92.Final:runtime
[INFO] |  +- io.netty:netty-resolver-dns-native-macos:jar:osx-x86_64:4.1.92.Final:runtime
[INFO] |  \- io.netty:netty-resolver-dns-native-macos:jar:osx-aarch_64:4.1.92.Final:runtime
[INFO] +- redis.clients:jedis:jar:3.2.0:compile
[INFO] |  \- org.apache.commons:commons-pool2:jar:2.11.1:compile
[INFO] +- org.json:json:jar:20220924:compile
[INFO] +- com.fasterxml.jackson.datatype:jackson-datatype-json-org:jar:2.15.0:compile
[INFO] +- com.squareup.okhttp3:okhttp:jar:4.9.3:compile
[INFO] |  +- com.squareup.okio:okio:jar:2.8.0:compile
[INFO] |  |  \- org.jetbrains.kotlin:kotlin-stdlib-common:jar:1.8.21:compile
[INFO] |  \- org.jetbrains.kotlin:kotlin-stdlib:jar:1.8.21:compile
[INFO] |     \- org.jetbrains:annotations:jar:13.0:compile
[INFO] +- org.apache.httpcomponents.client5:httpclient5:jar:5.2.1:compile
[INFO] |  +- org.apache.httpcomponents.core5:httpcore5:jar:5.2.1:compile
[INFO] |  \- org.apache.httpcomponents.core5:httpcore5-h2:jar:5.2.1:compile
[INFO] +- io.reactivex.rxjava3:rxjava:jar:3.0.0-RC5:compile
[INFO] +- org.mapstruct:mapstruct:jar:1.5.5.Final:compile
[INFO] +- org.projectlombok:lombok:jar:1.18.28:provided
[INFO] +- org.apache.commons:commons-lang3:jar:3.12.0:compile
[INFO] +- org.apache.commons:commons-collections4:jar:4.4:compile
[INFO] +- jakarta.validation:jakarta.validation-api:jar:3.0.2:compile
[INFO] +- org.hibernate.validator:hibernate-validator:jar:8.0.1.Final:compile
[INFO] |  +- org.jboss.logging:jboss-logging:jar:3.5.0.Final:compile
[INFO] |  \- com.fasterxml:classmate:jar:1.5.1:compile
[INFO] +- org.slf4j:log4j-over-slf4j:jar:1.7.25:compile
[INFO] +- org.slf4j:jcl-over-slf4j:jar:1.7.25:compile
[INFO] +- ch.qos.logback:logback-classic:jar:1.4.7:compile
[INFO] \- ch.qos.logback:logback-core:jar:1.4.7:compile
[INFO] 
[INFO] ------------< com.walklown.attempt.learn:jarkata-new-demo >-------------
[INFO] Building jarkata-new-demo 1.0.0-SNAPSHOT                           [3/7]
[INFO]   from jarkata-new-demo/pom.xml
[INFO] --------------------------------[ jar ]---------------------------------
[INFO] 
[INFO] --- dependency:3.6.0:tree (default-cli) @ jarkata-new-demo ---
[INFO] com.walklown.attempt.learn:jarkata-new-demo:jar:1.0.0-SNAPSHOT
[INFO] +- org.apache.commons:commons-lang3:jar:3.12.0:compile
[INFO] +- org.mapstruct:mapstruct:jar:1.5.5.Final:compile
[INFO] +- com.fasterxml.jackson.core:jackson-databind:jar:2.15.1:compile
[INFO] +- com.fasterxml.jackson.core:jackson-core:jar:2.15.1:compile
[INFO] +- com.fasterxml.jackson.core:jackson-annotations:jar:2.15.1:compile
[INFO] +- com.fasterxml.jackson.datatype:jackson-datatype-json-org:jar:2.15.1:compile
[INFO] |  \- org.json:json:jar:20220924:compile
[INFO] +- org.springframework:spring-context:jar:6.0.9:compile
[INFO] |  +- org.springframework:spring-aop:jar:6.0.9:compile
[INFO] |  +- org.springframework:spring-beans:jar:6.0.9:compile
[INFO] |  +- org.springframework:spring-core:jar:6.0.9:compile
[INFO] |  |  \- org.springframework:spring-jcl:jar:6.0.9:compile
[INFO] |  \- org.springframework:spring-expression:jar:6.0.9:compile
[INFO] +- org.openjdk.jol:jol-core:jar:0.16:provided
[INFO] +- org.openjdk.jmh:jmh-core:jar:1.36:provided
[INFO] |  +- net.sf.jopt-simple:jopt-simple:jar:5.0.4:provided
[INFO] |  \- org.apache.commons:commons-math3:jar:3.2:provided
[INFO] +- org.openjdk.jmh:jmh-generator-annprocess:jar:1.36:provided
[INFO] +- junit:junit:jar:4.11:test
[INFO] |  \- org.hamcrest:hamcrest-core:jar:2.2:test
[INFO] |     \- org.hamcrest:hamcrest:jar:2.2:test
[INFO] +- org.projectlombok:lombok:jar:1.18.28:provided
[INFO] +- org.apache.commons:commons-collections4:jar:4.4:compile
[INFO] +- jakarta.validation:jakarta.validation-api:jar:3.0.2:compile
[INFO] +- org.hibernate.validator:hibernate-validator:jar:8.0.1.Final:compile
[INFO] |  +- org.jboss.logging:jboss-logging:jar:3.5.0.Final:compile
[INFO] |  \- com.fasterxml:classmate:jar:1.5.1:compile
[INFO] +- org.slf4j:log4j-over-slf4j:jar:1.7.25:compile
[INFO] |  \- org.slf4j:slf4j-api:jar:2.0.7:compile
[INFO] +- org.slf4j:jcl-over-slf4j:jar:1.7.25:compile
[INFO] +- ch.qos.logback:logback-classic:jar:1.4.7:compile
[INFO] \- ch.qos.logback:logback-core:jar:1.4.7:compile
[INFO] 
[INFO] ---------------< com.walklown.attempt.learn:netty-demo >----------------
[INFO] Building netty-demo 1.0.0-SNAPSHOT                                 [4/7]
[INFO]   from netty-demo/pom.xml
[INFO] --------------------------------[ jar ]---------------------------------
[INFO] 
[INFO] --- dependency:3.6.0:tree (default-cli) @ netty-demo ---
[INFO] com.walklown.attempt.learn:netty-demo:jar:1.0.0-SNAPSHOT
[INFO] +- io.netty:netty-all:jar:4.1.96.Final:compile
[INFO] |  +- io.netty:netty-buffer:jar:4.1.92.Final:compile
[INFO] |  +- io.netty:netty-codec:jar:4.1.92.Final:compile
[INFO] |  +- io.netty:netty-codec-dns:jar:4.1.92.Final:compile
[INFO] |  +- io.netty:netty-codec-haproxy:jar:4.1.92.Final:compile
[INFO] |  +- io.netty:netty-codec-http:jar:4.1.92.Final:compile
[INFO] |  +- io.netty:netty-codec-http2:jar:4.1.92.Final:compile
[INFO] |  +- io.netty:netty-codec-memcache:jar:4.1.92.Final:compile
[INFO] |  +- io.netty:netty-codec-mqtt:jar:4.1.92.Final:compile
[INFO] |  +- io.netty:netty-codec-redis:jar:4.1.92.Final:compile
[INFO] |  +- io.netty:netty-codec-smtp:jar:4.1.92.Final:compile
[INFO] |  +- io.netty:netty-codec-socks:jar:4.1.92.Final:compile
[INFO] |  +- io.netty:netty-codec-stomp:jar:4.1.92.Final:compile
[INFO] |  +- io.netty:netty-codec-xml:jar:4.1.92.Final:compile
[INFO] |  +- io.netty:netty-common:jar:4.1.92.Final:compile
[INFO] |  +- io.netty:netty-handler:jar:4.1.92.Final:compile
[INFO] |  +- io.netty:netty-transport-native-unix-common:jar:4.1.92.Final:compile
[INFO] |  +- io.netty:netty-handler-proxy:jar:4.1.92.Final:compile
[INFO] |  +- io.netty:netty-handler-ssl-ocsp:jar:4.1.92.Final:compile
[INFO] |  +- io.netty:netty-resolver:jar:4.1.92.Final:compile
[INFO] |  +- io.netty:netty-resolver-dns:jar:4.1.92.Final:compile
[INFO] |  +- io.netty:netty-transport:jar:4.1.92.Final:compile
[INFO] |  +- io.netty:netty-transport-rxtx:jar:4.1.92.Final:compile
[INFO] |  +- io.netty:netty-transport-sctp:jar:4.1.92.Final:compile
[INFO] |  +- io.netty:netty-transport-udt:jar:4.1.92.Final:compile
[INFO] |  +- io.netty:netty-transport-classes-epoll:jar:4.1.92.Final:compile
[INFO] |  +- io.netty:netty-transport-classes-kqueue:jar:4.1.92.Final:compile
[INFO] |  +- io.netty:netty-resolver-dns-classes-macos:jar:4.1.92.Final:compile
[INFO] |  +- io.netty:netty-transport-native-epoll:jar:linux-x86_64:4.1.92.Final:runtime
[INFO] |  +- io.netty:netty-transport-native-epoll:jar:linux-aarch_64:4.1.92.Final:runtime
[INFO] |  +- io.netty:netty-transport-native-kqueue:jar:osx-x86_64:4.1.92.Final:runtime
[INFO] |  +- io.netty:netty-transport-native-kqueue:jar:osx-aarch_64:4.1.92.Final:runtime
[INFO] |  +- io.netty:netty-resolver-dns-native-macos:jar:osx-x86_64:4.1.92.Final:runtime
[INFO] |  \- io.netty:netty-resolver-dns-native-macos:jar:osx-aarch_64:4.1.92.Final:runtime
[INFO] +- de.javakaffee:kryo-serializers:jar:0.42:compile
[INFO] |  \- com.esotericsoftware:kryo:jar:4.0.0:compile
[INFO] |     +- com.esotericsoftware:reflectasm:jar:1.11.3:compile
[INFO] |     |  \- org.ow2.asm:asm:jar:5.0.4:compile
[INFO] |     +- com.esotericsoftware:minlog:jar:1.3.0:compile
[INFO] |     \- org.objenesis:objenesis:jar:2.2:compile
[INFO] +- com.google.guava:guava:jar:31.1-jre:compile
[INFO] |  +- com.google.guava:failureaccess:jar:1.0.1:compile
[INFO] |  +- com.google.guava:listenablefuture:jar:9999.0-empty-to-avoid-conflict-with-guava:compile
[INFO] |  +- com.google.code.findbugs:jsr305:jar:3.0.2:compile
[INFO] |  +- org.checkerframework:checker-qual:jar:3.12.0:compile
[INFO] |  +- com.google.errorprone:error_prone_annotations:jar:2.11.0:compile
[INFO] |  \- com.google.j2objc:j2objc-annotations:jar:1.3:compile
[INFO] +- org.apache.commons:commons-lang3:jar:3.12.0:compile
[INFO] +- org.projectlombok:lombok:jar:1.18.28:provided
[INFO] +- org.apache.commons:commons-collections4:jar:4.4:compile
[INFO] +- jakarta.validation:jakarta.validation-api:jar:3.0.2:compile
[INFO] +- org.hibernate.validator:hibernate-validator:jar:8.0.1.Final:compile
[INFO] |  +- org.jboss.logging:jboss-logging:jar:3.5.0.Final:compile
[INFO] |  \- com.fasterxml:classmate:jar:1.5.1:compile
[INFO] +- org.slf4j:log4j-over-slf4j:jar:1.7.25:compile
[INFO] |  \- org.slf4j:slf4j-api:jar:2.0.7:compile
[INFO] +- org.slf4j:jcl-over-slf4j:jar:1.7.25:compile
[INFO] +- ch.qos.logback:logback-classic:jar:1.4.7:compile
[INFO] \- ch.qos.logback:logback-core:jar:1.4.7:compile
[INFO] 
[INFO] -------------< com.walklown.attempt.learn:springboot-demo >-------------
[INFO] Building springboot-demo 1.0.0-SNAPSHOT                            [5/7]
[INFO]   from springboot-demo/pom.xml
[INFO] --------------------------------[ jar ]---------------------------------
[INFO] 
[INFO] --- dependency:3.6.0:tree (default-cli) @ springboot-demo ---
[INFO] com.walklown.attempt.learn:springboot-demo:jar:1.0.0-SNAPSHOT
[INFO] +- org.projectlombok:lombok:jar:1.18.28:provided
[INFO] +- org.springframework.boot:spring-boot-starter-web:jar:3.1.0:compile
[INFO] |  +- org.springframework.boot:spring-boot-starter:jar:3.1.0:compile
[INFO] |  |  +- org.springframework.boot:spring-boot:jar:3.1.0:compile
[INFO] |  |  +- org.springframework.boot:spring-boot-autoconfigure:jar:3.1.0:compile
[INFO] |  |  +- org.springframework.boot:spring-boot-starter-logging:jar:3.1.0:compile
[INFO] |  |  |  +- org.apache.logging.log4j:log4j-to-slf4j:jar:2.20.0:compile
[INFO] |  |  |  |  \- org.apache.logging.log4j:log4j-api:jar:2.20.0:compile
[INFO] |  |  |  \- org.slf4j:jul-to-slf4j:jar:2.0.7:compile
[INFO] |  |  +- jakarta.annotation:jakarta.annotation-api:jar:2.1.1:compile
[INFO] |  |  \- org.yaml:snakeyaml:jar:1.33:compile
[INFO] |  +- org.springframework.boot:spring-boot-starter-json:jar:3.1.0:compile
[INFO] |  |  +- com.fasterxml.jackson.core:jackson-databind:jar:2.15.1:compile
[INFO] |  |  |  +- com.fasterxml.jackson.core:jackson-annotations:jar:2.15.1:compile
[INFO] |  |  |  \- com.fasterxml.jackson.core:jackson-core:jar:2.15.1:compile
[INFO] |  |  +- com.fasterxml.jackson.datatype:jackson-datatype-jdk8:jar:2.15.0:compile
[INFO] |  |  +- com.fasterxml.jackson.datatype:jackson-datatype-jsr310:jar:2.15.1:compile
[INFO] |  |  \- com.fasterxml.jackson.module:jackson-module-parameter-names:jar:2.15.0:compile
[INFO] |  +- org.springframework.boot:spring-boot-starter-tomcat:jar:3.1.0:compile
[INFO] |  |  +- org.apache.tomcat.embed:tomcat-embed-core:jar:10.1.8:compile
[INFO] |  |  +- org.apache.tomcat.embed:tomcat-embed-el:jar:10.1.8:compile
[INFO] |  |  \- org.apache.tomcat.embed:tomcat-embed-websocket:jar:10.1.8:compile
[INFO] |  +- org.springframework:spring-web:jar:6.0.9:compile
[INFO] |  |  \- org.springframework:spring-beans:jar:6.0.9:compile
[INFO] |  \- org.springframework:spring-webmvc:jar:6.0.9:compile
[INFO] |     +- org.springframework:spring-aop:jar:6.0.9:compile
[INFO] |     +- org.springframework:spring-context:jar:6.0.9:compile
[INFO] |     \- org.springframework:spring-expression:jar:6.0.9:compile
[INFO] +- org.springframework.boot:spring-boot-starter-actuator:jar:3.1.0:compile
[INFO] |  +- org.springframework.boot:spring-boot-actuator-autoconfigure:jar:3.1.0:compile
[INFO] |  |  \- org.springframework.boot:spring-boot-actuator:jar:3.1.0:compile
[INFO] |  +- io.micrometer:micrometer-observation:jar:1.11.0:compile
[INFO] |  |  \- io.micrometer:micrometer-commons:jar:1.11.0:compile
[INFO] |  \- io.micrometer:micrometer-core:jar:1.11.0:compile
[INFO] |     +- org.hdrhistogram:HdrHistogram:jar:2.1.12:runtime
[INFO] |     \- org.latencyutils:LatencyUtils:jar:2.0.3:runtime
[INFO] +- org.springframework.boot:spring-boot-starter-integration:jar:3.1.0:compile
[INFO] |  +- org.springframework.boot:spring-boot-starter-aop:jar:3.1.0:compile
[INFO] |  |  \- org.aspectj:aspectjweaver:jar:1.9.19:compile
[INFO] |  \- org.springframework.integration:spring-integration-core:jar:6.1.0:compile
[INFO] |     +- org.springframework:spring-messaging:jar:6.0.9:compile
[INFO] |     +- org.springframework:spring-tx:jar:6.0.9:compile
[INFO] |     +- org.springframework.retry:spring-retry:jar:2.0.1:compile
[INFO] |     \- io.projectreactor:reactor-core:jar:3.5.6:compile
[INFO] |        \- org.reactivestreams:reactive-streams:jar:1.0.4:compile
[INFO] +- org.mybatis.spring.boot:mybatis-spring-boot-starter:jar:3.0.1:compile
[INFO] |  +- org.springframework.boot:spring-boot-starter-jdbc:jar:3.1.0:compile
[INFO] |  |  +- com.zaxxer:HikariCP:jar:5.0.1:compile
[INFO] |  |  \- org.springframework:spring-jdbc:jar:6.0.9:compile
[INFO] |  +- org.mybatis.spring.boot:mybatis-spring-boot-autoconfigure:jar:3.0.1:compile
[INFO] |  \- org.mybatis:mybatis-spring:jar:3.0.1:compile
[INFO] +- com.mysql:mysql-connector-j:jar:8.0.31:compile
[INFO] |  \- com.google.protobuf:protobuf-java:jar:3.19.4:compile
[INFO] +- org.mybatis:mybatis:jar:3.5.11:compile
[INFO] +- com.baomidou:mybatis-plus:jar:3.5.2:compile
[INFO] |  +- com.baomidou:mybatis-plus-extension:jar:3.5.2:compile
[INFO] |  |  \- com.baomidou:mybatis-plus-core:jar:3.5.2:compile
[INFO] |  |     +- com.baomidou:mybatis-plus-annotation:jar:3.5.2:compile
[INFO] |  |     \- com.github.jsqlparser:jsqlparser:jar:4.4:compile
[INFO] |  \- org.jetbrains.kotlin:kotlin-stdlib-jdk8:jar:1.8.21:compile
[INFO] |     +- org.jetbrains.kotlin:kotlin-stdlib:jar:1.8.21:compile
[INFO] |     |  +- org.jetbrains.kotlin:kotlin-stdlib-common:jar:1.8.21:compile
[INFO] |     |  \- org.jetbrains:annotations:jar:13.0:compile
[INFO] |     \- org.jetbrains.kotlin:kotlin-stdlib-jdk7:jar:1.8.21:compile
[INFO] +- org.apache.rocketmq:rocketmq-client:jar:5.0.0:compile
[INFO] |  +- org.apache.rocketmq:rocketmq-common:jar:5.0.0:compile
[INFO] |  |  +- org.apache.rocketmq:rocketmq-remoting:jar:5.0.0:compile
[INFO] |  |  |  +- com.alibaba:fastjson:jar:1.2.69_noneautotype:compile
[INFO] |  |  |  +- io.netty:netty-all:jar:4.1.96.Final:compile
[INFO] |  |  |  |  +- io.netty:netty-buffer:jar:4.1.92.Final:compile
[INFO] |  |  |  |  +- io.netty:netty-codec:jar:4.1.92.Final:compile
[INFO] |  |  |  |  +- io.netty:netty-codec-dns:jar:4.1.92.Final:compile
[INFO] |  |  |  |  +- io.netty:netty-codec-haproxy:jar:4.1.92.Final:compile
[INFO] |  |  |  |  +- io.netty:netty-codec-http:jar:4.1.92.Final:compile
[INFO] |  |  |  |  +- io.netty:netty-codec-http2:jar:4.1.92.Final:compile
[INFO] |  |  |  |  +- io.netty:netty-codec-memcache:jar:4.1.92.Final:compile
[INFO] |  |  |  |  +- io.netty:netty-codec-mqtt:jar:4.1.92.Final:compile
[INFO] |  |  |  |  +- io.netty:netty-codec-redis:jar:4.1.92.Final:compile
[INFO] |  |  |  |  +- io.netty:netty-codec-smtp:jar:4.1.92.Final:compile
[INFO] |  |  |  |  +- io.netty:netty-codec-socks:jar:4.1.92.Final:compile
[INFO] |  |  |  |  +- io.netty:netty-codec-stomp:jar:4.1.92.Final:compile
[INFO] |  |  |  |  +- io.netty:netty-codec-xml:jar:4.1.92.Final:compile
[INFO] |  |  |  |  +- io.netty:netty-common:jar:4.1.92.Final:compile
[INFO] |  |  |  |  +- io.netty:netty-handler:jar:4.1.92.Final:compile
[INFO] |  |  |  |  +- io.netty:netty-transport-native-unix-common:jar:4.1.92.Final:compile
[INFO] |  |  |  |  +- io.netty:netty-handler-proxy:jar:4.1.92.Final:compile
[INFO] |  |  |  |  +- io.netty:netty-handler-ssl-ocsp:jar:4.1.92.Final:compile
[INFO] |  |  |  |  +- io.netty:netty-resolver:jar:4.1.92.Final:compile
[INFO] |  |  |  |  +- io.netty:netty-resolver-dns:jar:4.1.92.Final:compile
[INFO] |  |  |  |  +- io.netty:netty-transport:jar:4.1.92.Final:compile
[INFO] |  |  |  |  +- io.netty:netty-transport-rxtx:jar:4.1.92.Final:compile
[INFO] |  |  |  |  +- io.netty:netty-transport-sctp:jar:4.1.92.Final:compile
[INFO] |  |  |  |  +- io.netty:netty-transport-udt:jar:4.1.92.Final:compile
[INFO] |  |  |  |  +- io.netty:netty-transport-classes-epoll:jar:4.1.92.Final:compile
[INFO] |  |  |  |  +- io.netty:netty-transport-classes-kqueue:jar:4.1.92.Final:compile
[INFO] |  |  |  |  +- io.netty:netty-resolver-dns-classes-macos:jar:4.1.92.Final:compile
[INFO] |  |  |  |  +- io.netty:netty-transport-native-epoll:jar:linux-x86_64:4.1.92.Final:runtime
[INFO] |  |  |  |  +- io.netty:netty-transport-native-epoll:jar:linux-aarch_64:4.1.92.Final:runtime
[INFO] |  |  |  |  +- io.netty:netty-transport-native-kqueue:jar:osx-x86_64:4.1.92.Final:runtime
[INFO] |  |  |  |  +- io.netty:netty-transport-native-kqueue:jar:osx-aarch_64:4.1.92.Final:runtime
[INFO] |  |  |  |  +- io.netty:netty-resolver-dns-native-macos:jar:osx-x86_64:4.1.92.Final:runtime
[INFO] |  |  |  |  \- io.netty:netty-resolver-dns-native-macos:jar:osx-aarch_64:4.1.92.Final:runtime
[INFO] |  |  |  \- org.apache.rocketmq:rocketmq-logging:jar:5.0.0:compile
[INFO] |  |  +- commons-validator:commons-validator:jar:1.7:compile
[INFO] |  |  |  +- commons-beanutils:commons-beanutils:jar:1.9.4:compile
[INFO] |  |  |  +- commons-digester:commons-digester:jar:2.1:compile
[INFO] |  |  |  +- commons-logging:commons-logging:jar:1.2:compile
[INFO] |  |  |  \- commons-collections:commons-collections:jar:3.2.2:compile
[INFO] |  |  +- com.github.luben:zstd-jni:jar:1.5.2-2:compile
[INFO] |  |  +- org.lz4:lz4-java:jar:1.8.0:compile
[INFO] |  |  \- commons-codec:commons-codec:jar:1.15:compile
[INFO] |  +- com.google.guava:guava:jar:31.1-jre:compile
[INFO] |  |  +- com.google.guava:failureaccess:jar:1.0.1:compile
[INFO] |  |  +- com.google.guava:listenablefuture:jar:9999.0-empty-to-avoid-conflict-with-guava:compile
[INFO] |  |  +- com.google.code.findbugs:jsr305:jar:3.0.2:compile
[INFO] |  |  +- org.checkerframework:checker-qual:jar:3.12.0:compile
[INFO] |  |  \- com.google.j2objc:j2objc-annotations:jar:1.3:compile
[INFO] |  \- org.awaitility:awaitility:jar:4.2.0:compile
[INFO] +- org.springframework.boot:spring-boot-starter-test:jar:3.1.0:compile
[INFO] |  +- org.springframework.boot:spring-boot-test:jar:3.1.0:compile
[INFO] |  +- org.springframework.boot:spring-boot-test-autoconfigure:jar:3.1.0:compile
[INFO] |  +- com.jayway.jsonpath:json-path:jar:2.8.0:compile
[INFO] |  +- jakarta.xml.bind:jakarta.xml.bind-api:jar:4.0.0:compile
[INFO] |  |  \- jakarta.activation:jakarta.activation-api:jar:2.1.2:compile
[INFO] |  +- net.minidev:json-smart:jar:2.4.10:compile
[INFO] |  |  \- net.minidev:accessors-smart:jar:2.4.9:compile
[INFO] |  |     \- org.ow2.asm:asm:jar:9.3:compile
[INFO] |  +- org.assertj:assertj-core:jar:3.24.2:compile
[INFO] |  |  \- net.bytebuddy:byte-buddy:jar:1.14.4:compile
[INFO] |  +- org.hamcrest:hamcrest:jar:2.2:compile
[INFO] |  +- org.junit.jupiter:junit-jupiter:jar:5.9.3:compile
[INFO] |  |  +- org.junit.jupiter:junit-jupiter-api:jar:5.9.3:compile
[INFO] |  |  |  +- org.opentest4j:opentest4j:jar:1.2.0:compile
[INFO] |  |  |  +- org.junit.platform:junit-platform-commons:jar:1.9.3:compile
[INFO] |  |  |  \- org.apiguardian:apiguardian-api:jar:1.1.2:compile
[INFO] |  |  +- org.junit.jupiter:junit-jupiter-params:jar:5.9.3:compile
[INFO] |  |  \- org.junit.jupiter:junit-jupiter-engine:jar:5.9.3:runtime
[INFO] |  |     \- org.junit.platform:junit-platform-engine:jar:1.9.3:runtime
[INFO] |  +- org.mockito:mockito-core:jar:5.3.1:compile
[INFO] |  |  +- net.bytebuddy:byte-buddy-agent:jar:1.14.4:compile
[INFO] |  |  \- org.objenesis:objenesis:jar:3.3:runtime
[INFO] |  +- org.mockito:mockito-junit-jupiter:jar:5.3.1:compile
[INFO] |  +- org.skyscreamer:jsonassert:jar:1.5.1:compile
[INFO] |  |  \- com.vaadin.external.google:android-json:jar:0.0.20131108.vaadin1:compile
[INFO] |  +- org.springframework:spring-core:jar:6.0.9:compile
[INFO] |  |  \- org.springframework:spring-jcl:jar:6.0.9:compile
[INFO] |  +- org.springframework:spring-test:jar:6.0.9:compile
[INFO] |  \- org.xmlunit:xmlunit-core:jar:2.9.1:compile
[INFO] +- org.springframework.security:spring-security-test:jar:6.1.0:compile
[INFO] |  +- org.springframework.security:spring-security-core:jar:6.1.0:compile
[INFO] |  |  \- org.springframework.security:spring-security-crypto:jar:6.1.0:compile
[INFO] |  \- org.springframework.security:spring-security-web:jar:6.1.0:compile
[INFO] +- jakarta.inject:jakarta.inject-api:jar:2.0.1:compile
[INFO] +- org.apache.commons:commons-lang3:jar:3.12.0:compile
[INFO] +- org.apache.commons:commons-collections4:jar:4.4:compile
[INFO] +- jakarta.validation:jakarta.validation-api:jar:3.0.2:compile
[INFO] +- org.hibernate.validator:hibernate-validator:jar:8.0.1.Final:compile
[INFO] |  +- org.jboss.logging:jboss-logging:jar:3.5.0.Final:compile
[INFO] |  \- com.fasterxml:classmate:jar:1.5.1:compile
[INFO] +- org.slf4j:log4j-over-slf4j:jar:1.7.25:compile
[INFO] |  \- org.slf4j:slf4j-api:jar:2.0.7:compile
[INFO] +- org.slf4j:jcl-over-slf4j:jar:1.7.25:compile
[INFO] +- ch.qos.logback:logback-classic:jar:1.4.7:compile
[INFO] \- ch.qos.logback:logback-core:jar:1.4.7:compile
[INFO] 
[INFO] ---------------< com.walklown.attempt.learn:dubbo-demo >----------------
[INFO] Building dubbo-demo 1.0.0-SNAPSHOT                                 [6/7]
[INFO]   from dubbo-demo/pom.xml
[INFO] --------------------------------[ jar ]---------------------------------
[INFO] 
[INFO] --- dependency:3.6.0:tree (default-cli) @ dubbo-demo ---
[INFO] com.walklown.attempt.learn:dubbo-demo:jar:1.0.0-SNAPSHOT
[INFO] +- javax.servlet:javax.servlet-api:jar:3.1.0:compile
[INFO] +- org.apache.dubbo:dubbo:jar:3.2.3:compile
[INFO] |  +- org.springframework:spring-context:jar:6.0.9:compile
[INFO] |  |  +- org.springframework:spring-aop:jar:6.0.9:compile
[INFO] |  |  +- org.springframework:spring-beans:jar:6.0.9:compile
[INFO] |  |  \- org.springframework:spring-expression:jar:6.0.9:compile
[INFO] |  +- com.alibaba.spring:spring-context-support:jar:1.0.11:compile
[INFO] |  +- org.javassist:javassist:jar:3.29.2-GA:compile
[INFO] |  +- org.yaml:snakeyaml:jar:1.33:compile
[INFO] |  +- com.alibaba:hessian-lite:jar:3.2.13:compile
[INFO] |  \- com.alibaba.fastjson2:fastjson2:jar:2.0.33:compile
[INFO] +- org.apache.dubbo:dubbo-dependencies-zookeeper:pom:3.2.3:compile
[INFO] |  +- org.apache.curator:curator-x-discovery:jar:4.3.0:compile
[INFO] |  |  +- org.apache.curator:curator-recipes:jar:4.3.0:compile
[INFO] |  |  |  \- org.apache.curator:curator-framework:jar:4.3.0:compile
[INFO] |  |  |     \- org.apache.curator:curator-client:jar:4.3.0:compile
[INFO] |  |  |        \- com.google.guava:guava:jar:31.1-jre:compile
[INFO] |  |  |           +- com.google.guava:failureaccess:jar:1.0.1:compile
[INFO] |  |  |           +- com.google.guava:listenablefuture:jar:9999.0-empty-to-avoid-conflict-with-guava:compile
[INFO] |  |  |           +- com.google.code.findbugs:jsr305:jar:3.0.2:compile
[INFO] |  |  |           +- org.checkerframework:checker-qual:jar:3.12.0:compile
[INFO] |  |  |           +- com.google.errorprone:error_prone_annotations:jar:2.11.0:compile
[INFO] |  |  |           \- com.google.j2objc:j2objc-annotations:jar:1.3:compile
[INFO] |  |  \- com.fasterxml.jackson.core:jackson-databind:jar:2.15.1:compile
[INFO] |  |     +- com.fasterxml.jackson.core:jackson-annotations:jar:2.15.1:compile
[INFO] |  |     \- com.fasterxml.jackson.core:jackson-core:jar:2.15.1:compile
[INFO] |  \- org.apache.zookeeper:zookeeper:jar:3.6.2:compile
[INFO] |     +- commons-lang:commons-lang:jar:2.6:compile
[INFO] |     +- org.apache.zookeeper:zookeeper-jute:jar:3.6.2:compile
[INFO] |     +- org.apache.yetus:audience-annotations:jar:0.5.0:compile
[INFO] |     \- io.netty:netty-transport-native-epoll:jar:4.1.92.Final:compile
[INFO] +- io.netty:netty-all:jar:4.1.96.Final:compile
[INFO] |  +- io.netty:netty-buffer:jar:4.1.92.Final:compile
[INFO] |  +- io.netty:netty-codec:jar:4.1.92.Final:compile
[INFO] |  +- io.netty:netty-codec-dns:jar:4.1.92.Final:compile
[INFO] |  +- io.netty:netty-codec-haproxy:jar:4.1.92.Final:compile
[INFO] |  +- io.netty:netty-codec-http:jar:4.1.92.Final:compile
[INFO] |  +- io.netty:netty-codec-http2:jar:4.1.92.Final:compile
[INFO] |  +- io.netty:netty-codec-memcache:jar:4.1.92.Final:compile
[INFO] |  +- io.netty:netty-codec-mqtt:jar:4.1.92.Final:compile
[INFO] |  +- io.netty:netty-codec-redis:jar:4.1.92.Final:compile
[INFO] |  +- io.netty:netty-codec-smtp:jar:4.1.92.Final:compile
[INFO] |  +- io.netty:netty-codec-socks:jar:4.1.92.Final:compile
[INFO] |  +- io.netty:netty-codec-stomp:jar:4.1.92.Final:compile
[INFO] |  +- io.netty:netty-codec-xml:jar:4.1.92.Final:compile
[INFO] |  +- io.netty:netty-common:jar:4.1.92.Final:compile
[INFO] |  +- io.netty:netty-handler:jar:4.1.92.Final:compile
[INFO] |  +- io.netty:netty-transport-native-unix-common:jar:4.1.92.Final:compile
[INFO] |  +- io.netty:netty-handler-proxy:jar:4.1.92.Final:compile
[INFO] |  +- io.netty:netty-handler-ssl-ocsp:jar:4.1.92.Final:compile
[INFO] |  +- io.netty:netty-resolver:jar:4.1.92.Final:compile
[INFO] |  +- io.netty:netty-resolver-dns:jar:4.1.92.Final:compile
[INFO] |  +- io.netty:netty-transport:jar:4.1.92.Final:compile
[INFO] |  +- io.netty:netty-transport-rxtx:jar:4.1.92.Final:compile
[INFO] |  +- io.netty:netty-transport-sctp:jar:4.1.92.Final:compile
[INFO] |  +- io.netty:netty-transport-udt:jar:4.1.92.Final:compile
[INFO] |  +- io.netty:netty-transport-classes-epoll:jar:4.1.92.Final:compile
[INFO] |  +- io.netty:netty-transport-classes-kqueue:jar:4.1.92.Final:compile
[INFO] |  +- io.netty:netty-resolver-dns-classes-macos:jar:4.1.92.Final:compile
[INFO] |  +- io.netty:netty-transport-native-epoll:jar:linux-x86_64:4.1.92.Final:runtime
[INFO] |  +- io.netty:netty-transport-native-epoll:jar:linux-aarch_64:4.1.92.Final:runtime
[INFO] |  +- io.netty:netty-transport-native-kqueue:jar:osx-x86_64:4.1.92.Final:runtime
[INFO] |  +- io.netty:netty-transport-native-kqueue:jar:osx-aarch_64:4.1.92.Final:runtime
[INFO] |  +- io.netty:netty-resolver-dns-native-macos:jar:osx-x86_64:4.1.92.Final:runtime
[INFO] |  \- io.netty:netty-resolver-dns-native-macos:jar:osx-aarch_64:4.1.92.Final:runtime
[INFO] +- org.xerial.snappy:snappy-java:jar:1.1.7:compile
[INFO] +- io.dropwizard.metrics:metrics-core:jar:3.2.5:compile
[INFO] +- org.springframework.boot:spring-boot-starter:jar:3.1.0:compile
[INFO] |  +- org.springframework.boot:spring-boot:jar:3.1.0:compile
[INFO] |  +- org.springframework.boot:spring-boot-autoconfigure:jar:3.1.0:compile
[INFO] |  +- org.springframework.boot:spring-boot-starter-logging:jar:3.1.0:compile
[INFO] |  |  +- org.apache.logging.log4j:log4j-to-slf4j:jar:2.20.0:compile
[INFO] |  |  |  \- org.apache.logging.log4j:log4j-api:jar:2.20.0:compile
[INFO] |  |  \- org.slf4j:jul-to-slf4j:jar:2.0.7:compile
[INFO] |  +- jakarta.annotation:jakarta.annotation-api:jar:2.1.1:compile
[INFO] |  \- org.springframework:spring-core:jar:6.0.9:compile
[INFO] |     \- org.springframework:spring-jcl:jar:6.0.9:compile
[INFO] +- org.springframework.boot:spring-boot-starter-web:jar:3.1.0:compile
[INFO] |  +- org.springframework.boot:spring-boot-starter-json:jar:3.1.0:compile
[INFO] |  |  +- com.fasterxml.jackson.datatype:jackson-datatype-jdk8:jar:2.15.0:compile
[INFO] |  |  +- com.fasterxml.jackson.datatype:jackson-datatype-jsr310:jar:2.15.1:compile
[INFO] |  |  \- com.fasterxml.jackson.module:jackson-module-parameter-names:jar:2.15.0:compile
[INFO] |  +- org.springframework.boot:spring-boot-starter-tomcat:jar:3.1.0:compile
[INFO] |  |  +- org.apache.tomcat.embed:tomcat-embed-core:jar:10.1.8:compile
[INFO] |  |  +- org.apache.tomcat.embed:tomcat-embed-el:jar:10.1.8:compile
[INFO] |  |  \- org.apache.tomcat.embed:tomcat-embed-websocket:jar:10.1.8:compile
[INFO] |  +- org.springframework:spring-web:jar:6.0.9:compile
[INFO] |  |  \- io.micrometer:micrometer-observation:jar:1.11.0:compile
[INFO] |  |     \- io.micrometer:micrometer-commons:jar:1.11.0:compile
[INFO] |  \- org.springframework:spring-webmvc:jar:6.0.9:compile
[INFO] +- org.eclipse.jetty:jetty-server:jar:11.0.15:compile
[INFO] |  +- org.eclipse.jetty.toolchain:jetty-jakarta-servlet-api:jar:5.0.2:compile
[INFO] |  +- org.eclipse.jetty:jetty-http:jar:11.0.15:compile
[INFO] |  |  \- org.eclipse.jetty:jetty-util:jar:11.0.15:compile
[INFO] |  +- org.eclipse.jetty:jetty-io:jar:11.0.15:compile
[INFO] |  \- org.slf4j:slf4j-api:jar:2.0.7:compile
[INFO] +- org.eclipse.jetty:jetty-servlet:jar:11.0.15:compile
[INFO] |  \- org.eclipse.jetty:jetty-security:jar:11.0.15:compile
[INFO] +- io.github.resilience4j:resilience4j-circuitbreaker:jar:2.0.2:compile
[INFO] |  \- io.github.resilience4j:resilience4j-core:jar:2.0.2:compile
[INFO] +- io.github.resilience4j:resilience4j-ratelimiter:jar:2.0.2:compile
[INFO] +- io.github.resilience4j:resilience4j-retry:jar:2.0.2:compile
[INFO] +- io.github.resilience4j:resilience4j-bulkhead:jar:2.0.2:compile
[INFO] +- io.github.resilience4j:resilience4j-cache:jar:2.0.2:compile
[INFO] |  \- javax.cache:cache-api:jar:1.1.1:compile
[INFO] +- io.github.resilience4j:resilience4j-timelimiter:jar:2.0.2:compile
[INFO] +- org.projectlombok:lombok:jar:1.18.28:provided
[INFO] +- org.apache.commons:commons-lang3:jar:3.12.0:compile
[INFO] +- org.apache.commons:commons-collections4:jar:4.4:compile
[INFO] +- jakarta.validation:jakarta.validation-api:jar:3.0.2:compile
[INFO] +- org.hibernate.validator:hibernate-validator:jar:8.0.1.Final:compile
[INFO] |  +- org.jboss.logging:jboss-logging:jar:3.5.0.Final:compile
[INFO] |  \- com.fasterxml:classmate:jar:1.5.1:compile
[INFO] +- org.slf4j:log4j-over-slf4j:jar:1.7.25:compile
[INFO] +- org.slf4j:jcl-over-slf4j:jar:1.7.25:compile
[INFO] +- ch.qos.logback:logback-classic:jar:1.4.7:compile
[INFO] \- ch.qos.logback:logback-core:jar:1.4.7:compile
[INFO] 
[INFO] --------------< com.walklown.attempt.learn:mybatis-demo >---------------
[INFO] Building mybatis-demo 1.0.0-SNAPSHOT                               [7/7]
[INFO]   from mybatis-demo/pom.xml
[INFO] --------------------------------[ jar ]---------------------------------
[INFO] 
[INFO] --- dependency:3.6.0:tree (default-cli) @ mybatis-demo ---
[INFO] com.walklown.attempt.learn:mybatis-demo:jar:1.0.0-SNAPSHOT
[INFO] +- org.mybatis:mybatis:jar:3.5.11:compile
[INFO] +- org.mybatis.generator:mybatis-generator-core:jar:1.4.2:compile
[INFO] +- com.baomidou:mybatis-plus:jar:3.5.2:compile
[INFO] |  +- com.baomidou:mybatis-plus-extension:jar:3.5.2:compile
[INFO] |  |  \- com.baomidou:mybatis-plus-core:jar:3.5.2:compile
[INFO] |  |     +- com.baomidou:mybatis-plus-annotation:jar:3.5.2:compile
[INFO] |  |     \- com.github.jsqlparser:jsqlparser:jar:4.4:compile
[INFO] |  \- org.jetbrains.kotlin:kotlin-stdlib-jdk8:jar:1.8.21:compile
[INFO] |     +- org.jetbrains.kotlin:kotlin-stdlib:jar:1.8.21:compile
[INFO] |     |  +- org.jetbrains.kotlin:kotlin-stdlib-common:jar:1.8.21:compile
[INFO] |     |  \- org.jetbrains:annotations:jar:13.0:compile
[INFO] |     \- org.jetbrains.kotlin:kotlin-stdlib-jdk7:jar:1.8.21:compile
[INFO] +- org.springframework.boot:spring-boot-starter:jar:3.1.0:compile
[INFO] |  +- org.springframework.boot:spring-boot:jar:3.1.0:compile
[INFO] |  |  \- org.springframework:spring-context:jar:6.0.9:compile
[INFO] |  |     +- org.springframework:spring-aop:jar:6.0.9:compile
[INFO] |  |     +- org.springframework:spring-beans:jar:6.0.9:compile
[INFO] |  |     \- org.springframework:spring-expression:jar:6.0.9:compile
[INFO] |  +- org.springframework.boot:spring-boot-autoconfigure:jar:3.1.0:compile
[INFO] |  +- org.springframework.boot:spring-boot-starter-logging:jar:3.1.0:compile
[INFO] |  |  +- org.apache.logging.log4j:log4j-to-slf4j:jar:2.20.0:compile
[INFO] |  |  |  \- org.apache.logging.log4j:log4j-api:jar:2.20.0:compile
[INFO] |  |  \- org.slf4j:jul-to-slf4j:jar:2.0.7:compile
[INFO] |  +- jakarta.annotation:jakarta.annotation-api:jar:2.1.1:compile
[INFO] |  +- org.springframework:spring-core:jar:6.0.9:compile
[INFO] |  |  \- org.springframework:spring-jcl:jar:6.0.9:compile
[INFO] |  \- org.yaml:snakeyaml:jar:1.33:compile
[INFO] +- org.mybatis.spring.boot:mybatis-spring-boot-starter:jar:3.0.1:compile
[INFO] |  +- org.springframework.boot:spring-boot-starter-jdbc:jar:3.1.0:compile
[INFO] |  |  +- com.zaxxer:HikariCP:jar:5.0.1:compile
[INFO] |  |  \- org.springframework:spring-jdbc:jar:6.0.9:compile
[INFO] |  |     \- org.springframework:spring-tx:jar:6.0.9:compile
[INFO] |  +- org.mybatis.spring.boot:mybatis-spring-boot-autoconfigure:jar:3.0.1:compile
[INFO] |  \- org.mybatis:mybatis-spring:jar:3.0.1:compile
[INFO] +- org.projectlombok:lombok:jar:1.18.28:provided
[INFO] +- org.apache.commons:commons-lang3:jar:3.12.0:compile
[INFO] +- org.apache.commons:commons-collections4:jar:4.4:compile
[INFO] +- jakarta.validation:jakarta.validation-api:jar:3.0.2:compile
[INFO] +- org.hibernate.validator:hibernate-validator:jar:8.0.1.Final:compile
[INFO] |  +- org.jboss.logging:jboss-logging:jar:3.5.0.Final:compile
[INFO] |  \- com.fasterxml:classmate:jar:1.5.1:compile
[INFO] +- org.slf4j:log4j-over-slf4j:jar:1.7.25:compile
[INFO] |  \- org.slf4j:slf4j-api:jar:2.0.7:compile
[INFO] +- org.slf4j:jcl-over-slf4j:jar:1.7.25:compile
[INFO] +- ch.qos.logback:logback-classic:jar:1.4.7:compile
[INFO] \- ch.qos.logback:logback-core:jar:1.4.7:compile
[INFO] ------------------------------------------------------------------------
[INFO] Reactor Summary for learn-demo 1.0.0-SNAPSHOT:
[INFO] 
[INFO] learn-demo ......................................... SUCCESS [  3.399 s]
[INFO] base-util-demo ..................................... SUCCESS [  2.336 s]
[INFO] jarkata-new-demo ................................... SUCCESS [  0.168 s]
[INFO] netty-demo ......................................... SUCCESS [  0.080 s]
[INFO] springboot-demo .................................... SUCCESS [  0.328 s]
[INFO] dubbo-demo ......................................... SUCCESS [  0.160 s]
[INFO] mybatis-demo ....................................... SUCCESS [  0.034 s]
[INFO] ------------------------------------------------------------------------
[INFO] BUILD SUCCESS
[INFO] ------------------------------------------------------------------------
[INFO] Total time:  9.144 s
[INFO] Finished at: 2023-07-31T18:38:43+08:00
[INFO] ------------------------------------------------------------------------
